2024-05-17T23:56:29.232Z [info]: Launching the browser...
2024-05-17T23:56:30.646Z [info]: Setting screen size...
2024-05-17T23:56:30.646Z [info]: Navigating to the WordPress installation page...
2024-05-17T23:56:30.657Z [error]: Error occurred: net::ERR_CONNECTION_REFUSED at http://localhost:8000/wp-admin/install.php
2024-05-18T11:33:06.686Z [info]: Launching the browser...
2024-05-18T11:33:07.726Z [info]: Setting screen size...
2024-05-18T11:33:07.726Z [info]: Navigating to the WordPress installation page...
2024-05-18T11:33:08.575Z [info]: Language Configuration...
2024-05-18T11:33:08.639Z [info]: Filling in site information...
2024-05-18T11:33:11.202Z [info]: Waiting for installation to complete...
2024-05-18T11:33:41.205Z [error]: Error occurred: Waiting for selector `a` failed: Waiting failed: 30000ms exceeded
2024-05-18T11:35:13.246Z [info]: Launching the browser...
2024-05-18T11:35:13.764Z [info]: Setting screen size...
2024-05-18T11:35:13.765Z [info]: Navigating to the WordPress installation page...
2024-05-18T11:35:14.291Z [info]: Language Configuration...
2024-05-18T11:35:14.384Z [info]: Filling in site information...
2024-05-18T11:35:14.583Z [info]: Waiting for installation to complete...
2024-05-18T11:35:47.857Z [info]: Launching the browser...
2024-05-18T11:35:48.527Z [info]: Setting screen size...
2024-05-18T11:35:48.527Z [info]: Navigating to the WordPress installation page...
2024-05-18T11:35:49.036Z [info]: Language Configuration...
2024-05-18T11:35:49.314Z [info]: Filling in site information...
2024-05-18T11:35:49.516Z [info]: Waiting for installation to complete...
2024-05-18T11:36:51.522Z [info]: Launching the browser...
2024-05-18T11:36:52.471Z [info]: Setting screen size...
2024-05-18T11:36:52.471Z [info]: Navigating to the WordPress installation page...
2024-05-18T11:36:52.962Z [info]: Language Configuration...
2024-05-18T11:36:53.089Z [info]: Filling in site information...
2024-05-18T11:36:53.299Z [info]: Waiting for installation to complete...
2024-05-18T11:36:54.147Z [info]: Logging in...
2024-05-18T11:36:57.362Z [info]: Navigating to plugin installation page...
2024-05-18T11:37:02.638Z [info]: Waiting for WooCommerce plugin to appear...
2024-05-18T11:37:20.684Z [info]: Activating WooCommerce plugin...
2024-05-18T11:37:20.704Z [info]: Done. WooCommerce extension installed successfully.
2024-05-18T11:37:25.939Z [info]: Initizilzation of WooCommerce API
2024-05-18T11:37:28.740Z [info]: Define API rule to app
2024-05-18T11:37:29.119Z [info]: API rule defined successfully
2024-05-18T11:37:29.119Z [info]: Initialization of permalink
2024-05-18T11:37:32.241Z [info]: Configuration successfully !
2024-05-18T11:43:00.939Z [info]: Launching the browser...
2024-05-18T11:43:01.950Z [info]: Setting screen size...
2024-05-18T11:43:01.950Z [info]: Navigating to the WordPress installation page...
2024-05-18T11:43:02.776Z [info]: Language Configuration...
2024-05-18T11:43:02.838Z [info]: Filling in site information...
2024-05-18T11:43:06.078Z [info]: Waiting for installation to complete...
2024-05-18T11:43:06.929Z [info]: Logging in...
2024-05-18T11:43:09.956Z [info]: Navigating to plugin installation page...
2024-05-18T11:43:15.322Z [info]: Waiting for WooCommerce plugin to appear...
2024-05-18T11:43:32.435Z [info]: Activating WooCommerce plugin...
2024-05-18T11:43:32.453Z [info]: Done. WooCommerce extension installed successfully.
2024-05-18T11:43:38.383Z [info]: Initizilzation of WooCommerce API
2024-05-18T11:43:40.250Z [info]: Define API rule to app
2024-05-18T11:43:40.613Z [info]: API rule defined successfully
2024-05-18T11:43:40.613Z [info]: Initialization of permalink
2024-05-18T11:43:43.696Z [info]: Configuration successfully !
